<?xml version="1.0" encoding="UTF-8"?>
<coverage generated="1508203843">
  <project timestamp="1508203843">
    <file name="C:\xampp\htdocs\tekumamba\application/controllers/Home.php">
      <class name="Home" namespace="global">
        <metrics methods="7" coveredmethods="0" conditionals="0" coveredconditionals="0" statements="121" coveredstatements="0" elements="128" coveredelements="0"/>
      </class>
      <line num="2" type="stmt" count="0"/>
      <line num="6" type="method" name="__construct" crap="2" count="0"/>
      <line num="7" type="stmt" count="0"/>
      <line num="8" type="stmt" count="0"/>
      <line num="10" type="stmt" count="0"/>
      <line num="12" type="method" name="index" crap="6" count="0"/>
      <line num="13" type="stmt" count="0"/>
      <line num="14" type="stmt" count="0"/>
      <line num="15" type="stmt" count="0"/>
      <line num="16" type="stmt" count="0"/>
      <line num="17" type="stmt" count="0"/>
      <line num="18" type="stmt" count="0"/>
      <line num="21" type="method" name="registerData" crap="12" count="0"/>
      <line num="22" type="stmt" count="0"/>
      <line num="23" type="stmt" count="0"/>
      <line num="24" type="stmt" count="0"/>
      <line num="25" type="stmt" count="0"/>
      <line num="26" type="stmt" count="0"/>
      <line num="27" type="stmt" count="0"/>
      <line num="28" type="stmt" count="0"/>
      <line num="29" type="stmt" count="0"/>
      <line num="30" type="stmt" count="0"/>
      <line num="31" type="stmt" count="0"/>
      <line num="32" type="stmt" count="0"/>
      <line num="33" type="stmt" count="0"/>
      <line num="34" type="stmt" count="0"/>
      <line num="35" type="stmt" count="0"/>
      <line num="36" type="stmt" count="0"/>
      <line num="38" type="stmt" count="0"/>
      <line num="39" type="stmt" count="0"/>
      <line num="40" type="stmt" count="0"/>
      <line num="41" type="stmt" count="0"/>
      <line num="42" type="stmt" count="0"/>
      <line num="43" type="stmt" count="0"/>
      <line num="44" type="stmt" count="0"/>
      <line num="45" type="stmt" count="0"/>
      <line num="46" type="stmt" count="0"/>
      <line num="47" type="stmt" count="0"/>
      <line num="48" type="stmt" count="0"/>
      <line num="51" type="method" name="home" crap="2" count="0"/>
      <line num="52" type="stmt" count="0"/>
      <line num="53" type="stmt" count="0"/>
      <line num="55" type="method" name="viewProfile" crap="6" count="0"/>
      <line num="56" type="stmt" count="0"/>
      <line num="57" type="stmt" count="0"/>
      <line num="58" type="stmt" count="0"/>
      <line num="59" type="stmt" count="0"/>
      <line num="60" type="stmt" count="0"/>
      <line num="61" type="stmt" count="0"/>
      <line num="62" type="stmt" count="0"/>
      <line num="65" type="stmt" count="0"/>
      <line num="66" type="stmt" count="0"/>
      <line num="67" type="stmt" count="0"/>
      <line num="68" type="stmt" count="0"/>
      <line num="69" type="stmt" count="0"/>
      <line num="70" type="stmt" count="0"/>
      <line num="71" type="stmt" count="0"/>
      <line num="72" type="stmt" count="0"/>
      <line num="73" type="stmt" count="0"/>
      <line num="74" type="stmt" count="0"/>
      <line num="76" type="method" name="updatePhoto" crap="30" count="0"/>
      <line num="77" type="stmt" count="0"/>
      <line num="78" type="stmt" count="0"/>
      <line num="79" type="stmt" count="0"/>
      <line num="80" type="stmt" count="0"/>
      <line num="82" type="stmt" count="0"/>
      <line num="83" type="stmt" count="0"/>
      <line num="84" type="stmt" count="0"/>
      <line num="85" type="stmt" count="0"/>
      <line num="86" type="stmt" count="0"/>
      <line num="87" type="stmt" count="0"/>
      <line num="88" type="stmt" count="0"/>
      <line num="89" type="stmt" count="0"/>
      <line num="90" type="stmt" count="0"/>
      <line num="91" type="stmt" count="0"/>
      <line num="92" type="stmt" count="0"/>
      <line num="93" type="stmt" count="0"/>
      <line num="94" type="stmt" count="0"/>
      <line num="95" type="stmt" count="0"/>
      <line num="97" type="stmt" count="0"/>
      <line num="98" type="stmt" count="0"/>
      <line num="99" type="stmt" count="0"/>
      <line num="100" type="stmt" count="0"/>
      <line num="102" type="stmt" count="0"/>
      <line num="103" type="stmt" count="0"/>
      <line num="104" type="stmt" count="0"/>
      <line num="105" type="stmt" count="0"/>
      <line num="106" type="stmt" count="0"/>
      <line num="107" type="stmt" count="0"/>
      <line num="108" type="stmt" count="0"/>
      <line num="109" type="stmt" count="0"/>
      <line num="111" type="method" name="updateProfile" crap="6" count="0"/>
      <line num="112" type="stmt" count="0"/>
      <line num="113" type="stmt" count="0"/>
      <line num="115" type="stmt" count="0"/>
      <line num="116" type="stmt" count="0"/>
      <line num="117" type="stmt" count="0"/>
      <line num="119" type="stmt" count="0"/>
      <line num="120" type="stmt" count="0"/>
      <line num="121" type="stmt" count="0"/>
      <line num="122" type="stmt" count="0"/>
      <line num="123" type="stmt" count="0"/>
      <line num="124" type="stmt" count="0"/>
      <line num="125" type="stmt" count="0"/>
      <line num="126" type="stmt" count="0"/>
      <line num="127" type="stmt" count="0"/>
      <line num="128" type="stmt" count="0"/>
      <line num="129" type="stmt" count="0"/>
      <line num="130" type="stmt" count="0"/>
      <line num="131" type="stmt" count="0"/>
      <line num="132" type="stmt" count="0"/>
      <line num="133" type="stmt" count="0"/>
      <line num="134" type="stmt" count="0"/>
      <line num="135" type="stmt" count="0"/>
      <line num="137" type="stmt" count="0"/>
      <line num="138" type="stmt" count="0"/>
      <line num="139" type="stmt" count="0"/>
      <line num="141" type="stmt" count="0"/>
      <line num="142" type="stmt" count="0"/>
      <line num="143" type="stmt" count="0"/>
      <line num="145" type="stmt" count="0"/>
      <line num="146" type="stmt" count="0"/>
      <metrics loc="148" ncloc="142" classes="1" methods="7" coveredmethods="0" conditionals="0" coveredconditionals="0" statements="122" coveredstatements="0" elements="129" coveredelements="0"/>
    </file>
    <file name="C:\xampp\htdocs\tekumamba\application/controllers/Login.php">
      <class name="Login" namespace="global">
        <metrics methods="4" coveredmethods="0" conditionals="0" coveredconditionals="0" statements="42" coveredstatements="0" elements="46" coveredelements="0"/>
      </class>
      <line num="5" type="method" name="__construct" crap="2" count="0"/>
      <line num="6" type="stmt" count="0"/>
      <line num="7" type="stmt" count="0"/>
      <line num="9" type="stmt" count="0"/>
      <line num="11" type="method" name="index" crap="6" count="0"/>
      <line num="12" type="stmt" count="0"/>
      <line num="13" type="stmt" count="0"/>
      <line num="14" type="stmt" count="0"/>
      <line num="15" type="stmt" count="0"/>
      <line num="17" type="stmt" count="0"/>
      <line num="18" type="stmt" count="0"/>
      <line num="20" type="stmt" count="0"/>
      <line num="22" type="method" name="aksi_login" crap="6" count="0"/>
      <line num="23" type="stmt" count="0"/>
      <line num="24" type="stmt" count="0"/>
      <line num="25" type="stmt" count="0"/>
      <line num="26" type="stmt" count="0"/>
      <line num="27" type="stmt" count="0"/>
      <line num="28" type="stmt" count="0"/>
      <line num="29" type="stmt" count="0"/>
      <line num="30" type="stmt" count="0"/>
      <line num="32" type="stmt" count="0"/>
      <line num="33" type="stmt" count="0"/>
      <line num="34" type="stmt" count="0"/>
      <line num="35" type="stmt" count="0"/>
      <line num="36" type="stmt" count="0"/>
      <line num="37" type="stmt" count="0"/>
      <line num="38" type="stmt" count="0"/>
      <line num="39" type="stmt" count="0"/>
      <line num="40" type="stmt" count="0"/>
      <line num="41" type="stmt" count="0"/>
      <line num="43" type="stmt" count="0"/>
      <line num="45" type="stmt" count="0"/>
      <line num="46" type="stmt" count="0"/>
      <line num="47" type="stmt" count="0"/>
      <line num="48" type="stmt" count="0"/>
      <line num="49" type="stmt" count="0"/>
      <line num="50" type="stmt" count="0"/>
      <line num="52" type="method" name="logout" crap="2" count="0"/>
      <line num="53" type="stmt" count="0"/>
      <line num="54" type="stmt" count="0"/>
      <line num="55" type="stmt" count="0"/>
      <metrics loc="55" ncloc="53" classes="1" methods="4" coveredmethods="0" conditionals="0" coveredconditionals="0" statements="42" coveredstatements="0" elements="46" coveredelements="0"/>
    </file>
    <file name="C:\xampp\htdocs\tekumamba\application/models/Model_login.php">
      <class name="Model_login" namespace="global" fullPackage="Model">
        <metrics methods="1" coveredmethods="0" conditionals="0" coveredconditionals="0" statements="3" coveredstatements="0" elements="4" coveredelements="0"/>
      </class>
      <line num="15" type="method" name="cek_login" crap="2" count="0"/>
      <line num="16" type="stmt" count="0"/>
      <line num="17" type="stmt" count="0"/>
      <metrics loc="17" ncloc="-3" classes="1" methods="1" coveredmethods="0" conditionals="0" coveredconditionals="0" statements="3" coveredstatements="0" elements="4" coveredelements="0"/>
    </file>
    <file name="C:\xampp\htdocs\tekumamba\application/models/Mymodel.php">
      <class name="Mymodel" namespace="global">
        <metrics methods="10" coveredmethods="0" conditionals="0" coveredconditionals="0" statements="39" coveredstatements="0" elements="49" coveredelements="0"/>
      </class>
      <line num="4" type="method" name="getData" crap="2" count="0"/>
      <line num="5" type="stmt" count="0"/>
      <line num="6" type="stmt" count="0"/>
      <line num="7" type="stmt" count="0"/>
      <line num="9" type="method" name="getDataUser" crap="2" count="0"/>
      <line num="10" type="stmt" count="0"/>
      <line num="11" type="stmt" count="0"/>
      <line num="12" type="stmt" count="0"/>
      <line num="14" type="method" name="GetProfile" crap="2" count="0"/>
      <line num="15" type="stmt" count="0"/>
      <line num="16" type="stmt" count="0"/>
      <line num="17" type="stmt" count="0"/>
      <line num="19" type="method" name="addData" crap="2" count="0"/>
      <line num="20" type="stmt" count="0"/>
      <line num="21" type="stmt" count="0"/>
      <line num="23" type="method" name="addBooking" crap="2" count="0"/>
      <line num="24" type="stmt" count="0"/>
      <line num="25" type="stmt" count="0"/>
      <line num="28" type="method" name="delete_item" crap="2" count="0"/>
      <line num="29" type="stmt" count="0"/>
      <line num="30" type="stmt" count="0"/>
      <line num="31" type="stmt" count="0"/>
      <line num="33" type="method" name="delete_user" crap="2" count="0"/>
      <line num="34" type="stmt" count="0"/>
      <line num="35" type="stmt" count="0"/>
      <line num="36" type="stmt" count="0"/>
      <line num="38" type="method" name="update_profile" crap="2" count="0"/>
      <line num="39" type="stmt" count="0"/>
      <line num="40" type="stmt" count="0"/>
      <line num="41" type="stmt" count="0"/>
      <line num="43" type="method" name="update_profileAdmin" crap="2" count="0"/>
      <line num="44" type="stmt" count="0"/>
      <line num="45" type="stmt" count="0"/>
      <line num="46" type="stmt" count="0"/>
      <line num="48" type="method" name="get_profile_id" crap="2" count="0"/>
      <line num="49" type="stmt" count="0"/>
      <line num="50" type="stmt" count="0"/>
      <line num="51" type="stmt" count="0"/>
      <line num="52" type="stmt" count="0"/>
      <metrics loc="54" ncloc="48" classes="1" methods="10" coveredmethods="0" conditionals="0" coveredconditionals="0" statements="39" coveredstatements="0" elements="49" coveredelements="0"/>
    </file>
    <file name="C:\xampp\htdocs\tekumamba\application/views/errors/cli/error_404.php">
      <line num="2" type="stmt" count="0"/>
      <line num="4" type="stmt" count="0"/>
      <line num="5" type="stmt" count="0"/>
      <line num="6" type="stmt" count="0"/>
      <line num="7" type="stmt" count="0"/>
      <line num="8" type="stmt" count="0"/>
      <metrics loc="7" ncloc="7" classes="0" methods="0" coveredmethods="0" conditionals="0" coveredconditionals="0" statements="5" coveredstatements="0" elements="5" coveredelements="0"/>
    </file>
    <file name="C:\xampp\htdocs\tekumamba\application/views/errors/cli/error_db.php">
      <line num="2" type="stmt" count="0"/>
      <line num="4" type="stmt" count="0"/>
      <line num="5" type="stmt" count="0"/>
      <line num="6" type="stmt" count="0"/>
      <line num="7" type="stmt" count="0"/>
      <line num="8" type="stmt" count="0"/>
      <metrics loc="7" ncloc="7" classes="0" methods="0" coveredmethods="0" conditionals="0" coveredconditionals="0" statements="5" coveredstatements="0" elements="5" coveredelements="0"/>
    </file>
    <file name="C:\xampp\htdocs\tekumamba\application/views/errors/cli/error_exception.php">
      <line num="3" type="stmt" count="0"/>
      <line num="12" type="stmt" count="0"/>
      <metrics loc="21" ncloc="21" classes="0" methods="0" coveredmethods="0" conditionals="0" coveredconditionals="0" statements="2" coveredstatements="0" elements="2" coveredelements="0"/>
    </file>
    <file name="C:\xampp\htdocs\tekumamba\application/views/errors/cli/error_general.php">
      <line num="2" type="stmt" count="0"/>
      <line num="4" type="stmt" count="0"/>
      <line num="5" type="stmt" count="0"/>
      <line num="6" type="stmt" count="0"/>
      <line num="7" type="stmt" count="0"/>
      <line num="8" type="stmt" count="0"/>
      <metrics loc="7" ncloc="7" classes="0" methods="0" coveredmethods="0" conditionals="0" coveredconditionals="0" statements="5" coveredstatements="0" elements="5" coveredelements="0"/>
    </file>
    <file name="C:\xampp\htdocs\tekumamba\application/views/errors/cli/error_php.php">
      <line num="3" type="stmt" count="0"/>
      <line num="12" type="stmt" count="0"/>
      <metrics loc="21" ncloc="21" classes="0" methods="0" coveredmethods="0" conditionals="0" coveredconditionals="0" statements="2" coveredstatements="0" elements="2" coveredelements="0"/>
    </file>
    <file name="C:\xampp\htdocs\tekumamba\application/views/errors/html/error_404.php">
      <line num="2" type="stmt" count="0"/>
      <line num="4" type="stmt" count="0"/>
      <line num="5" type="stmt" count="0"/>
      <line num="6" type="stmt" count="0"/>
      <line num="7" type="stmt" count="0"/>
      <line num="8" type="stmt" count="0"/>
      <line num="10" type="stmt" count="0"/>
      <line num="11" type="stmt" count="0"/>
      <line num="13" type="stmt" count="0"/>
      <line num="14" type="stmt" count="0"/>
      <line num="15" type="stmt" count="0"/>
      <line num="16" type="stmt" count="0"/>
      <line num="17" type="stmt" count="0"/>
      <line num="18" type="stmt" count="0"/>
      <line num="20" type="stmt" count="0"/>
      <line num="21" type="stmt" count="0"/>
      <line num="22" type="stmt" count="0"/>
      <line num="23" type="stmt" count="0"/>
      <line num="24" type="stmt" count="0"/>
      <line num="26" type="stmt" count="0"/>
      <line num="27" type="stmt" count="0"/>
      <line num="28" type="stmt" count="0"/>
      <line num="29" type="stmt" count="0"/>
      <line num="30" type="stmt" count="0"/>
      <line num="31" type="stmt" count="0"/>
      <line num="32" type="stmt" count="0"/>
      <line num="33" type="stmt" count="0"/>
      <line num="34" type="stmt" count="0"/>
      <line num="36" type="stmt" count="0"/>
      <line num="37" type="stmt" count="0"/>
      <line num="38" type="stmt" count="0"/>
      <line num="39" type="stmt" count="0"/>
      <line num="40" type="stmt" count="0"/>
      <line num="41" type="stmt" count="0"/>
      <line num="42" type="stmt" count="0"/>
      <line num="43" type="stmt" count="0"/>
      <line num="44" type="stmt" count="0"/>
      <line num="45" type="stmt" count="0"/>
      <line num="47" type="stmt" count="0"/>
      <line num="48" type="stmt" count="0"/>
      <line num="49" type="stmt" count="0"/>
      <line num="50" type="stmt" count="0"/>
      <line num="51" type="stmt" count="0"/>
      <line num="53" type="stmt" count="0"/>
      <line num="54" type="stmt" count="0"/>
      <line num="55" type="stmt" count="0"/>
      <line num="56" type="stmt" count="0"/>
      <line num="57" type="stmt" count="0"/>
      <line num="58" type="stmt" count="0"/>
      <line num="59" type="stmt" count="0"/>
      <line num="62" type="stmt" count="0"/>
      <line num="63" type="stmt" count="0"/>
      <line num="64" type="stmt" count="0"/>
      <metrics loc="63" ncloc="63" classes="0" methods="0" coveredmethods="0" conditionals="0" coveredconditionals="0" statements="52" coveredstatements="0" elements="52" coveredelements="0"/>
    </file>
    <file name="C:\xampp\htdocs\tekumamba\application/views/errors/html/error_db.php">
      <line num="2" type="stmt" count="0"/>
      <line num="4" type="stmt" count="0"/>
      <line num="5" type="stmt" count="0"/>
      <line num="6" type="stmt" count="0"/>
      <line num="7" type="stmt" count="0"/>
      <line num="8" type="stmt" count="0"/>
      <line num="10" type="stmt" count="0"/>
      <line num="11" type="stmt" count="0"/>
      <line num="13" type="stmt" count="0"/>
      <line num="14" type="stmt" count="0"/>
      <line num="15" type="stmt" count="0"/>
      <line num="16" type="stmt" count="0"/>
      <line num="17" type="stmt" count="0"/>
      <line num="18" type="stmt" count="0"/>
      <line num="20" type="stmt" count="0"/>
      <line num="21" type="stmt" count="0"/>
      <line num="22" type="stmt" count="0"/>
      <line num="23" type="stmt" count="0"/>
      <line num="24" type="stmt" count="0"/>
      <line num="26" type="stmt" count="0"/>
      <line num="27" type="stmt" count="0"/>
      <line num="28" type="stmt" count="0"/>
      <line num="29" type="stmt" count="0"/>
      <line num="30" type="stmt" count="0"/>
      <line num="31" type="stmt" count="0"/>
      <line num="32" type="stmt" count="0"/>
      <line num="33" type="stmt" count="0"/>
      <line num="34" type="stmt" count="0"/>
      <line num="36" type="stmt" count="0"/>
      <line num="37" type="stmt" count="0"/>
      <line num="38" type="stmt" count="0"/>
      <line num="39" type="stmt" count="0"/>
      <line num="40" type="stmt" count="0"/>
      <line num="41" type="stmt" count="0"/>
      <line num="42" type="stmt" count="0"/>
      <line num="43" type="stmt" count="0"/>
      <line num="44" type="stmt" count="0"/>
      <line num="45" type="stmt" count="0"/>
      <line num="47" type="stmt" count="0"/>
      <line num="48" type="stmt" count="0"/>
      <line num="49" type="stmt" count="0"/>
      <line num="50" type="stmt" count="0"/>
      <line num="51" type="stmt" count="0"/>
      <line num="53" type="stmt" count="0"/>
      <line num="54" type="stmt" count="0"/>
      <line num="55" type="stmt" count="0"/>
      <line num="56" type="stmt" count="0"/>
      <line num="57" type="stmt" count="0"/>
      <line num="58" type="stmt" count="0"/>
      <line num="59" type="stmt" count="0"/>
      <line num="62" type="stmt" count="0"/>
      <line num="63" type="stmt" count="0"/>
      <line num="64" type="stmt" count="0"/>
      <metrics loc="63" ncloc="63" classes="0" methods="0" coveredmethods="0" conditionals="0" coveredconditionals="0" statements="52" coveredstatements="0" elements="52" coveredelements="0"/>
    </file>
    <file name="C:\xampp\htdocs\tekumamba\application/views/errors/html/error_exception.php">
      <line num="2" type="stmt" count="0"/>
      <line num="5" type="stmt" count="0"/>
      <line num="7" type="stmt" count="0"/>
      <line num="16" type="stmt" count="0"/>
      <line num="21" type="stmt" count="0"/>
      <line num="25" type="stmt" count="0"/>
      <line num="32" type="stmt" count="0"/>
      <metrics loc="31" ncloc="31" classes="0" methods="0" coveredmethods="0" conditionals="0" coveredconditionals="0" statements="6" coveredstatements="0" elements="6" coveredelements="0"/>
    </file>
    <file name="C:\xampp\htdocs\tekumamba\application/views/errors/html/error_general.php">
      <line num="2" type="stmt" count="0"/>
      <line num="4" type="stmt" count="0"/>
      <line num="5" type="stmt" count="0"/>
      <line num="6" type="stmt" count="0"/>
      <line num="7" type="stmt" count="0"/>
      <line num="8" type="stmt" count="0"/>
      <line num="10" type="stmt" count="0"/>
      <line num="11" type="stmt" count="0"/>
      <line num="13" type="stmt" count="0"/>
      <line num="14" type="stmt" count="0"/>
      <line num="15" type="stmt" count="0"/>
      <line num="16" type="stmt" count="0"/>
      <line num="17" type="stmt" count="0"/>
      <line num="18" type="stmt" count="0"/>
      <line num="20" type="stmt" count="0"/>
      <line num="21" type="stmt" count="0"/>
      <line num="22" type="stmt" count="0"/>
      <line num="23" type="stmt" count="0"/>
      <line num="24" type="stmt" count="0"/>
      <line num="26" type="stmt" count="0"/>
      <line num="27" type="stmt" count="0"/>
      <line num="28" type="stmt" count="0"/>
      <line num="29" type="stmt" count="0"/>
      <line num="30" type="stmt" count="0"/>
      <line num="31" type="stmt" count="0"/>
      <line num="32" type="stmt" count="0"/>
      <line num="33" type="stmt" count="0"/>
      <line num="34" type="stmt" count="0"/>
      <line num="36" type="stmt" count="0"/>
      <line num="37" type="stmt" count="0"/>
      <line num="38" type="stmt" count="0"/>
      <line num="39" type="stmt" count="0"/>
      <line num="40" type="stmt" count="0"/>
      <line num="41" type="stmt" count="0"/>
      <line num="42" type="stmt" count="0"/>
      <line num="43" type="stmt" count="0"/>
      <line num="44" type="stmt" count="0"/>
      <line num="45" type="stmt" count="0"/>
      <line num="47" type="stmt" count="0"/>
      <line num="48" type="stmt" count="0"/>
      <line num="49" type="stmt" count="0"/>
      <line num="50" type="stmt" count="0"/>
      <line num="51" type="stmt" count="0"/>
      <line num="53" type="stmt" count="0"/>
      <line num="54" type="stmt" count="0"/>
      <line num="55" type="stmt" count="0"/>
      <line num="56" type="stmt" count="0"/>
      <line num="57" type="stmt" count="0"/>
      <line num="58" type="stmt" count="0"/>
      <line num="59" type="stmt" count="0"/>
      <line num="62" type="stmt" count="0"/>
      <line num="63" type="stmt" count="0"/>
      <line num="64" type="stmt" count="0"/>
      <metrics loc="63" ncloc="63" classes="0" methods="0" coveredmethods="0" conditionals="0" coveredconditionals="0" statements="52" coveredstatements="0" elements="52" coveredelements="0"/>
    </file>
    <file name="C:\xampp\htdocs\tekumamba\application/views/errors/html/error_php.php">
      <line num="2" type="stmt" count="0"/>
      <line num="5" type="stmt" count="0"/>
      <line num="7" type="stmt" count="0"/>
      <line num="16" type="stmt" count="0"/>
      <line num="21" type="stmt" count="0"/>
      <line num="25" type="stmt" count="0"/>
      <line num="33" type="stmt" count="0"/>
      <metrics loc="32" ncloc="32" classes="0" methods="0" coveredmethods="0" conditionals="0" coveredconditionals="0" statements="6" coveredstatements="0" elements="6" coveredelements="0"/>
    </file>
    <file name="C:\xampp\htdocs\tekumamba\application/views/login.php">
      <line num="1" type="stmt" count="0"/>
      <line num="2" type="stmt" count="0"/>
      <line num="4" type="stmt" count="0"/>
      <line num="6" type="stmt" count="0"/>
      <line num="7" type="stmt" count="0"/>
      <line num="8" type="stmt" count="0"/>
      <line num="9" type="stmt" count="0"/>
      <line num="10" type="stmt" count="0"/>
      <line num="12" type="stmt" count="0"/>
      <line num="14" type="stmt" count="0"/>
      <line num="17" type="stmt" count="0"/>
      <line num="20" type="stmt" count="0"/>
      <line num="21" type="stmt" count="0"/>
      <line num="22" type="stmt" count="0"/>
      <line num="23" type="stmt" count="0"/>
      <line num="24" type="stmt" count="0"/>
      <line num="25" type="stmt" count="0"/>
      <line num="26" type="stmt" count="0"/>
      <line num="27" type="stmt" count="0"/>
      <line num="28" type="stmt" count="0"/>
      <line num="29" type="stmt" count="0"/>
      <line num="30" type="stmt" count="0"/>
      <line num="32" type="stmt" count="0"/>
      <line num="33" type="stmt" count="0"/>
      <line num="34" type="stmt" count="0"/>
      <line num="35" type="stmt" count="0"/>
      <line num="36" type="stmt" count="0"/>
      <line num="37" type="stmt" count="0"/>
      <line num="38" type="stmt" count="0"/>
      <line num="40" type="stmt" count="0"/>
      <line num="41" type="stmt" count="0"/>
      <line num="42" type="stmt" count="0"/>
      <line num="43" type="stmt" count="0"/>
      <line num="45" type="stmt" count="0"/>
      <line num="46" type="stmt" count="0"/>
      <line num="47" type="stmt" count="0"/>
      <line num="48" type="stmt" count="0"/>
      <line num="49" type="stmt" count="0"/>
      <line num="50" type="stmt" count="0"/>
      <line num="52" type="stmt" count="0"/>
      <line num="53" type="stmt" count="0"/>
      <line num="54" type="stmt" count="0"/>
      <line num="55" type="stmt" count="0"/>
      <line num="56" type="stmt" count="0"/>
      <line num="58" type="stmt" count="0"/>
      <line num="59" type="stmt" count="0"/>
      <line num="60" type="stmt" count="0"/>
      <line num="61" type="stmt" count="0"/>
      <line num="62" type="stmt" count="0"/>
      <line num="64" type="stmt" count="0"/>
      <line num="65" type="stmt" count="0"/>
      <line num="66" type="stmt" count="0"/>
      <line num="67" type="stmt" count="0"/>
      <line num="68" type="stmt" count="0"/>
      <line num="69" type="stmt" count="0"/>
      <line num="70" type="stmt" count="0"/>
      <line num="71" type="stmt" count="0"/>
      <line num="72" type="stmt" count="0"/>
      <line num="73" type="stmt" count="0"/>
      <line num="74" type="stmt" count="0"/>
      <line num="75" type="stmt" count="0"/>
      <line num="79" type="stmt" count="0"/>
      <line num="80" type="stmt" count="0"/>
      <line num="81" type="stmt" count="0"/>
      <line num="82" type="stmt" count="0"/>
      <line num="83" type="stmt" count="0"/>
      <line num="84" type="stmt" count="0"/>
      <line num="85" type="stmt" count="0"/>
      <line num="86" type="stmt" count="0"/>
      <line num="87" type="stmt" count="0"/>
      <line num="88" type="stmt" count="0"/>
      <line num="89" type="stmt" count="0"/>
      <line num="91" type="stmt" count="0"/>
      <line num="92" type="stmt" count="0"/>
      <line num="93" type="stmt" count="0"/>
      <line num="94" type="stmt" count="0"/>
      <line num="95" type="stmt" count="0"/>
      <line num="97" type="stmt" count="0"/>
      <line num="98" type="stmt" count="0"/>
      <line num="100" type="stmt" count="0"/>
      <line num="102" type="stmt" count="0"/>
      <line num="104" type="stmt" count="0"/>
      <line num="105" type="stmt" count="0"/>
      <line num="106" type="stmt" count="0"/>
      <line num="107" type="stmt" count="0"/>
      <line num="108" type="stmt" count="0"/>
      <line num="109" type="stmt" count="0"/>
      <line num="110" type="stmt" count="0"/>
      <line num="112" type="stmt" count="0"/>
      <line num="113" type="stmt" count="0"/>
      <line num="115" type="stmt" count="0"/>
      <line num="117" type="stmt" count="0"/>
      <line num="118" type="stmt" count="0"/>
      <line num="120" type="stmt" count="0"/>
      <line num="124" type="stmt" count="0"/>
      <line num="126" type="stmt" count="0"/>
      <line num="127" type="stmt" count="0"/>
      <line num="129" type="stmt" count="0"/>
      <line num="130" type="stmt" count="0"/>
      <line num="132" type="stmt" count="0"/>
      <line num="133" type="stmt" count="0"/>
      <line num="135" type="stmt" count="0"/>
      <line num="136" type="stmt" count="0"/>
      <line num="137" type="stmt" count="0"/>
      <line num="138" type="stmt" count="0"/>
      <line num="140" type="stmt" count="0"/>
      <line num="142" type="stmt" count="0"/>
      <line num="143" type="stmt" count="0"/>
      <line num="145" type="stmt" count="0"/>
      <line num="147" type="stmt" count="0"/>
      <line num="149" type="stmt" count="0"/>
      <line num="150" type="stmt" count="0"/>
      <line num="151" type="stmt" count="0"/>
      <line num="152" type="stmt" count="0"/>
      <line num="153" type="stmt" count="0"/>
      <line num="154" type="stmt" count="0"/>
      <line num="155" type="stmt" count="0"/>
      <line num="156" type="stmt" count="0"/>
      <line num="158" type="stmt" count="0"/>
      <line num="159" type="stmt" count="0"/>
      <line num="161" type="stmt" count="0"/>
      <line num="164" type="stmt" count="0"/>
      <line num="167" type="stmt" count="0"/>
      <line num="169" type="stmt" count="0"/>
      <metrics loc="169" ncloc="169" classes="0" methods="0" coveredmethods="0" conditionals="0" coveredconditionals="0" statements="124" coveredstatements="0" elements="124" coveredelements="0"/>
    </file>
    <file name="C:\xampp\htdocs\tekumamba\application/views/register.php">
      <line num="3" type="stmt" count="0"/>
      <line num="4" type="stmt" count="0"/>
      <line num="5" type="stmt" count="0"/>
      <line num="6" type="stmt" count="0"/>
      <line num="7" type="stmt" count="0"/>
      <line num="8" type="stmt" count="0"/>
      <line num="9" type="stmt" count="0"/>
      <line num="10" type="stmt" count="0"/>
      <line num="12" type="stmt" count="0"/>
      <line num="14" type="stmt" count="0"/>
      <line num="15" type="stmt" count="0"/>
      <line num="16" type="stmt" count="0"/>
      <line num="17" type="stmt" count="0"/>
      <line num="18" type="stmt" count="0"/>
      <line num="19" type="stmt" count="0"/>
      <line num="20" type="stmt" count="0"/>
      <line num="21" type="stmt" count="0"/>
      <line num="22" type="stmt" count="0"/>
      <line num="23" type="stmt" count="0"/>
      <line num="24" type="stmt" count="0"/>
      <line num="25" type="stmt" count="0"/>
      <line num="26" type="stmt" count="0"/>
      <line num="27" type="stmt" count="0"/>
      <line num="28" type="stmt" count="0"/>
      <line num="29" type="stmt" count="0"/>
      <line num="30" type="stmt" count="0"/>
      <line num="32" type="stmt" count="0"/>
      <line num="34" type="stmt" count="0"/>
      <line num="37" type="stmt" count="0"/>
      <line num="38" type="stmt" count="0"/>
      <line num="39" type="stmt" count="0"/>
      <line num="40" type="stmt" count="0"/>
      <line num="41" type="stmt" count="0"/>
      <line num="42" type="stmt" count="0"/>
      <line num="43" type="stmt" count="0"/>
      <line num="44" type="stmt" count="0"/>
      <line num="45" type="stmt" count="0"/>
      <line num="46" type="stmt" count="0"/>
      <line num="47" type="stmt" count="0"/>
      <line num="48" type="stmt" count="0"/>
      <line num="49" type="stmt" count="0"/>
      <line num="50" type="stmt" count="0"/>
      <line num="51" type="stmt" count="0"/>
      <line num="52" type="stmt" count="0"/>
      <line num="53" type="stmt" count="0"/>
      <line num="54" type="stmt" count="0"/>
      <line num="55" type="stmt" count="0"/>
      <line num="56" type="stmt" count="0"/>
      <line num="57" type="stmt" count="0"/>
      <line num="58" type="stmt" count="0"/>
      <line num="59" type="stmt" count="0"/>
      <line num="60" type="stmt" count="0"/>
      <line num="61" type="stmt" count="0"/>
      <line num="62" type="stmt" count="0"/>
      <line num="63" type="stmt" count="0"/>
      <line num="64" type="stmt" count="0"/>
      <line num="65" type="stmt" count="0"/>
      <line num="66" type="stmt" count="0"/>
      <line num="67" type="stmt" count="0"/>
      <line num="68" type="stmt" count="0"/>
      <line num="69" type="stmt" count="0"/>
      <line num="70" type="stmt" count="0"/>
      <line num="71" type="stmt" count="0"/>
      <line num="72" type="stmt" count="0"/>
      <line num="73" type="stmt" count="0"/>
      <line num="74" type="stmt" count="0"/>
      <line num="75" type="stmt" count="0"/>
      <line num="76" type="stmt" count="0"/>
      <line num="77" type="stmt" count="0"/>
      <line num="78" type="stmt" count="0"/>
      <line num="80" type="stmt" count="0"/>
      <line num="81" type="stmt" count="0"/>
      <line num="82" type="stmt" count="0"/>
      <line num="83" type="stmt" count="0"/>
      <line num="84" type="stmt" count="0"/>
      <line num="87" type="stmt" count="0"/>
      <line num="88" type="stmt" count="0"/>
      <line num="89" type="stmt" count="0"/>
      <line num="90" type="stmt" count="0"/>
      <line num="91" type="stmt" count="0"/>
      <line num="92" type="stmt" count="0"/>
      <line num="93" type="stmt" count="0"/>
      <line num="94" type="stmt" count="0"/>
      <line num="95" type="stmt" count="0"/>
      <line num="96" type="stmt" count="0"/>
      <line num="97" type="stmt" count="0"/>
      <line num="99" type="stmt" count="0"/>
      <line num="100" type="stmt" count="0"/>
      <line num="101" type="stmt" count="0"/>
      <line num="103" type="stmt" count="0"/>
      <line num="104" type="stmt" count="0"/>
      <line num="105" type="stmt" count="0"/>
      <line num="106" type="stmt" count="0"/>
      <line num="110" type="stmt" count="0"/>
      <line num="111" type="stmt" count="0"/>
      <line num="112" type="stmt" count="0"/>
      <line num="113" type="stmt" count="0"/>
      <line num="114" type="stmt" count="0"/>
      <line num="116" type="stmt" count="0"/>
      <line num="117" type="stmt" count="0"/>
      <line num="119" type="stmt" count="0"/>
      <line num="122" type="stmt" count="0"/>
      <line num="123" type="stmt" count="0"/>
      <line num="124" type="stmt" count="0"/>
      <line num="125" type="stmt" count="0"/>
      <line num="126" type="stmt" count="0"/>
      <line num="127" type="stmt" count="0"/>
      <line num="128" type="stmt" count="0"/>
      <line num="129" type="stmt" count="0"/>
      <line num="130" type="stmt" count="0"/>
      <line num="132" type="stmt" count="0"/>
      <metrics loc="131" ncloc="131" classes="0" methods="0" coveredmethods="0" conditionals="0" coveredconditionals="0" statements="110" coveredstatements="0" elements="110" coveredelements="0"/>
    </file>
    <file name="C:\xampp\htdocs\tekumamba\application/views/viewHome.php">
      <line num="1" type="stmt" count="0"/>
      <line num="2" type="stmt" count="0"/>
      <line num="3" type="stmt" count="0"/>
      <line num="4" type="stmt" count="0"/>
      <line num="5" type="stmt" count="0"/>
      <line num="6" type="stmt" count="0"/>
      <line num="7" type="stmt" count="0"/>
      <line num="8" type="stmt" count="0"/>
      <line num="10" type="stmt" count="0"/>
      <line num="11" type="stmt" count="0"/>
      <line num="12" type="stmt" count="0"/>
      <line num="13" type="stmt" count="0"/>
      <line num="14" type="stmt" count="0"/>
      <line num="15" type="stmt" count="0"/>
      <line num="17" type="stmt" count="0"/>
      <line num="18" type="stmt" count="0"/>
      <line num="19" type="stmt" count="0"/>
      <line num="20" type="stmt" count="0"/>
      <line num="21" type="stmt" count="0"/>
      <line num="22" type="stmt" count="0"/>
      <line num="24" type="stmt" count="0"/>
      <line num="25" type="stmt" count="0"/>
      <line num="27" type="stmt" count="0"/>
      <line num="28" type="stmt" count="0"/>
      <line num="30" type="stmt" count="0"/>
      <line num="33" type="stmt" count="0"/>
      <line num="37" type="stmt" count="0"/>
      <line num="40" type="stmt" count="0"/>
      <line num="41" type="stmt" count="0"/>
      <line num="42" type="stmt" count="0"/>
      <line num="43" type="stmt" count="0"/>
      <line num="44" type="stmt" count="0"/>
      <line num="45" type="stmt" count="0"/>
      <line num="46" type="stmt" count="0"/>
      <line num="48" type="stmt" count="0"/>
      <line num="49" type="stmt" count="0"/>
      <line num="51" type="stmt" count="0"/>
      <line num="52" type="stmt" count="0"/>
      <line num="53" type="stmt" count="0"/>
      <line num="54" type="stmt" count="0"/>
      <line num="55" type="stmt" count="0"/>
      <line num="56" type="stmt" count="0"/>
      <line num="57" type="stmt" count="0"/>
      <line num="59" type="stmt" count="0"/>
      <line num="61" type="stmt" count="0"/>
      <line num="62" type="stmt" count="0"/>
      <line num="63" type="stmt" count="0"/>
      <line num="65" type="stmt" count="0"/>
      <line num="66" type="stmt" count="0"/>
      <line num="67" type="stmt" count="0"/>
      <line num="68" type="stmt" count="0"/>
      <line num="69" type="stmt" count="0"/>
      <line num="71" type="stmt" count="0"/>
      <line num="72" type="stmt" count="0"/>
      <line num="73" type="stmt" count="0"/>
      <line num="74" type="stmt" count="0"/>
      <line num="75" type="stmt" count="0"/>
      <line num="77" type="stmt" count="0"/>
      <line num="79" type="stmt" count="0"/>
      <line num="80" type="stmt" count="0"/>
      <line num="81" type="stmt" count="0"/>
      <line num="83" type="stmt" count="0"/>
      <line num="84" type="stmt" count="0"/>
      <line num="85" type="stmt" count="0"/>
      <line num="86" type="stmt" count="0"/>
      <line num="87" type="stmt" count="0"/>
      <line num="88" type="stmt" count="0"/>
      <line num="89" type="stmt" count="0"/>
      <line num="90" type="stmt" count="0"/>
      <line num="91" type="stmt" count="0"/>
      <line num="92" type="stmt" count="0"/>
      <line num="94" type="stmt" count="0"/>
      <line num="95" type="stmt" count="0"/>
      <line num="96" type="stmt" count="0"/>
      <line num="97" type="stmt" count="0"/>
      <line num="99" type="stmt" count="0"/>
      <line num="100" type="stmt" count="0"/>
      <line num="101" type="stmt" count="0"/>
      <line num="102" type="stmt" count="0"/>
      <line num="103" type="stmt" count="0"/>
      <line num="104" type="stmt" count="0"/>
      <line num="105" type="stmt" count="0"/>
      <line num="106" type="stmt" count="0"/>
      <line num="107" type="stmt" count="0"/>
      <line num="108" type="stmt" count="0"/>
      <line num="109" type="stmt" count="0"/>
      <line num="110" type="stmt" count="0"/>
      <line num="111" type="stmt" count="0"/>
      <line num="112" type="stmt" count="0"/>
      <line num="113" type="stmt" count="0"/>
      <line num="114" type="stmt" count="0"/>
      <line num="115" type="stmt" count="0"/>
      <line num="116" type="stmt" count="0"/>
      <line num="117" type="stmt" count="0"/>
      <line num="118" type="stmt" count="0"/>
      <line num="119" type="stmt" count="0"/>
      <line num="120" type="stmt" count="0"/>
      <line num="121" type="stmt" count="0"/>
      <line num="122" type="stmt" count="0"/>
      <line num="123" type="stmt" count="0"/>
      <line num="124" type="stmt" count="0"/>
      <line num="125" type="stmt" count="0"/>
      <line num="126" type="stmt" count="0"/>
      <line num="127" type="stmt" count="0"/>
      <line num="128" type="stmt" count="0"/>
      <line num="132" type="stmt" count="0"/>
      <line num="133" type="stmt" count="0"/>
      <line num="134" type="stmt" count="0"/>
      <line num="135" type="stmt" count="0"/>
      <line num="136" type="stmt" count="0"/>
      <line num="137" type="stmt" count="0"/>
      <line num="138" type="stmt" count="0"/>
      <line num="139" type="stmt" count="0"/>
      <line num="140" type="stmt" count="0"/>
      <line num="141" type="stmt" count="0"/>
      <line num="142" type="stmt" count="0"/>
      <line num="143" type="stmt" count="0"/>
      <line num="144" type="stmt" count="0"/>
      <line num="145" type="stmt" count="0"/>
      <line num="146" type="stmt" count="0"/>
      <line num="147" type="stmt" count="0"/>
      <line num="148" type="stmt" count="0"/>
      <line num="149" type="stmt" count="0"/>
      <line num="150" type="stmt" count="0"/>
      <line num="151" type="stmt" count="0"/>
      <line num="152" type="stmt" count="0"/>
      <line num="153" type="stmt" count="0"/>
      <line num="154" type="stmt" count="0"/>
      <line num="156" type="stmt" count="0"/>
      <line num="158" type="stmt" count="0"/>
      <line num="168" type="stmt" count="0"/>
      <line num="174" type="stmt" count="0"/>
      <line num="175" type="stmt" count="0"/>
      <metrics loc="174" ncloc="174" classes="0" methods="0" coveredmethods="0" conditionals="0" coveredconditionals="0" statements="132" coveredstatements="0" elements="132" coveredelements="0"/>
    </file>
    <file name="C:\xampp\htdocs\tekumamba\application/views/viewHomeUser.php">
      <line num="1" type="stmt" count="0"/>
      <line num="2" type="stmt" count="0"/>
      <line num="3" type="stmt" count="0"/>
      <line num="4" type="stmt" count="0"/>
      <line num="5" type="stmt" count="0"/>
      <line num="6" type="stmt" count="0"/>
      <line num="7" type="stmt" count="0"/>
      <line num="8" type="stmt" count="0"/>
      <line num="10" type="stmt" count="0"/>
      <line num="11" type="stmt" count="0"/>
      <line num="12" type="stmt" count="0"/>
      <line num="13" type="stmt" count="0"/>
      <line num="14" type="stmt" count="0"/>
      <line num="15" type="stmt" count="0"/>
      <line num="17" type="stmt" count="0"/>
      <line num="18" type="stmt" count="0"/>
      <line num="19" type="stmt" count="0"/>
      <line num="20" type="stmt" count="0"/>
      <line num="21" type="stmt" count="0"/>
      <line num="22" type="stmt" count="0"/>
      <line num="24" type="stmt" count="0"/>
      <line num="25" type="stmt" count="0"/>
      <line num="27" type="stmt" count="0"/>
      <line num="28" type="stmt" count="0"/>
      <line num="30" type="stmt" count="0"/>
      <line num="33" type="stmt" count="0"/>
      <line num="37" type="stmt" count="0"/>
      <line num="40" type="stmt" count="0"/>
      <line num="41" type="stmt" count="0"/>
      <line num="42" type="stmt" count="0"/>
      <line num="43" type="stmt" count="0"/>
      <line num="44" type="stmt" count="0"/>
      <line num="45" type="stmt" count="0"/>
      <line num="46" type="stmt" count="0"/>
      <line num="48" type="stmt" count="0"/>
      <line num="49" type="stmt" count="0"/>
      <line num="51" type="stmt" count="0"/>
      <line num="52" type="stmt" count="0"/>
      <line num="53" type="stmt" count="0"/>
      <line num="54" type="stmt" count="0"/>
      <line num="55" type="stmt" count="0"/>
      <line num="56" type="stmt" count="0"/>
      <line num="57" type="stmt" count="0"/>
      <line num="59" type="stmt" count="0"/>
      <line num="62" type="stmt" count="0"/>
      <line num="63" type="stmt" count="0"/>
      <line num="65" type="stmt" count="0"/>
      <line num="66" type="stmt" count="0"/>
      <line num="67" type="stmt" count="0"/>
      <line num="68" type="stmt" count="0"/>
      <line num="69" type="stmt" count="0"/>
      <line num="71" type="stmt" count="0"/>
      <line num="72" type="stmt" count="0"/>
      <line num="73" type="stmt" count="0"/>
      <line num="74" type="stmt" count="0"/>
      <line num="75" type="stmt" count="0"/>
      <line num="77" type="stmt" count="0"/>
      <line num="79" type="stmt" count="0"/>
      <line num="80" type="stmt" count="0"/>
      <line num="81" type="stmt" count="0"/>
      <line num="83" type="stmt" count="0"/>
      <line num="84" type="stmt" count="0"/>
      <line num="85" type="stmt" count="0"/>
      <line num="86" type="stmt" count="0"/>
      <line num="87" type="stmt" count="0"/>
      <line num="88" type="stmt" count="0"/>
      <line num="89" type="stmt" count="0"/>
      <line num="90" type="stmt" count="0"/>
      <line num="91" type="stmt" count="0"/>
      <line num="92" type="stmt" count="0"/>
      <line num="96" type="stmt" count="0"/>
      <line num="97" type="stmt" count="0"/>
      <line num="98" type="stmt" count="0"/>
      <line num="99" type="stmt" count="0"/>
      <line num="101" type="stmt" count="0"/>
      <line num="102" type="stmt" count="0"/>
      <line num="103" type="stmt" count="0"/>
      <line num="104" type="stmt" count="0"/>
      <line num="105" type="stmt" count="0"/>
      <line num="106" type="stmt" count="0"/>
      <line num="107" type="stmt" count="0"/>
      <line num="108" type="stmt" count="0"/>
      <line num="109" type="stmt" count="0"/>
      <line num="110" type="stmt" count="0"/>
      <line num="111" type="stmt" count="0"/>
      <line num="112" type="stmt" count="0"/>
      <line num="113" type="stmt" count="0"/>
      <line num="114" type="stmt" count="0"/>
      <line num="115" type="stmt" count="0"/>
      <line num="116" type="stmt" count="0"/>
      <line num="117" type="stmt" count="0"/>
      <line num="118" type="stmt" count="0"/>
      <line num="119" type="stmt" count="0"/>
      <line num="120" type="stmt" count="0"/>
      <line num="121" type="stmt" count="0"/>
      <line num="122" type="stmt" count="0"/>
      <line num="123" type="stmt" count="0"/>
      <line num="124" type="stmt" count="0"/>
      <line num="125" type="stmt" count="0"/>
      <line num="126" type="stmt" count="0"/>
      <line num="127" type="stmt" count="0"/>
      <line num="128" type="stmt" count="0"/>
      <line num="129" type="stmt" count="0"/>
      <line num="130" type="stmt" count="0"/>
      <line num="134" type="stmt" count="0"/>
      <line num="135" type="stmt" count="0"/>
      <line num="136" type="stmt" count="0"/>
      <line num="137" type="stmt" count="0"/>
      <line num="138" type="stmt" count="0"/>
      <line num="139" type="stmt" count="0"/>
      <line num="140" type="stmt" count="0"/>
      <line num="141" type="stmt" count="0"/>
      <line num="142" type="stmt" count="0"/>
      <line num="143" type="stmt" count="0"/>
      <line num="144" type="stmt" count="0"/>
      <line num="145" type="stmt" count="0"/>
      <line num="146" type="stmt" count="0"/>
      <line num="147" type="stmt" count="0"/>
      <line num="148" type="stmt" count="0"/>
      <line num="149" type="stmt" count="0"/>
      <line num="150" type="stmt" count="0"/>
      <line num="151" type="stmt" count="0"/>
      <line num="152" type="stmt" count="0"/>
      <line num="153" type="stmt" count="0"/>
      <line num="154" type="stmt" count="0"/>
      <line num="155" type="stmt" count="0"/>
      <line num="156" type="stmt" count="0"/>
      <line num="158" type="stmt" count="0"/>
      <line num="160" type="stmt" count="0"/>
      <line num="170" type="stmt" count="0"/>
      <line num="176" type="stmt" count="0"/>
      <line num="177" type="stmt" count="0"/>
      <metrics loc="176" ncloc="176" classes="0" methods="0" coveredmethods="0" conditionals="0" coveredconditionals="0" statements="131" coveredstatements="0" elements="131" coveredelements="0"/>
    </file>
    <file name="C:\xampp\htdocs\tekumamba\application/views/viewLogin.php">
      <line num="1" type="stmt" count="0"/>
      <line num="2" type="stmt" count="0"/>
      <line num="3" type="stmt" count="0"/>
      <line num="4" type="stmt" count="0"/>
      <line num="5" type="stmt" count="0"/>
      <line num="6" type="stmt" count="0"/>
      <line num="7" type="stmt" count="0"/>
      <line num="9" type="stmt" count="0"/>
      <line num="10" type="stmt" count="0"/>
      <line num="11" type="stmt" count="0"/>
      <line num="12" type="stmt" count="0"/>
      <line num="13" type="stmt" count="0"/>
      <line num="14" type="stmt" count="0"/>
      <line num="15" type="stmt" count="0"/>
      <line num="16" type="stmt" count="0"/>
      <line num="17" type="stmt" count="0"/>
      <line num="18" type="stmt" count="0"/>
      <line num="19" type="stmt" count="0"/>
      <line num="20" type="stmt" count="0"/>
      <line num="21" type="stmt" count="0"/>
      <line num="22" type="stmt" count="0"/>
      <line num="23" type="stmt" count="0"/>
      <line num="24" type="stmt" count="0"/>
      <line num="25" type="stmt" count="0"/>
      <line num="26" type="stmt" count="0"/>
      <line num="27" type="stmt" count="0"/>
      <line num="28" type="stmt" count="0"/>
      <line num="29" type="stmt" count="0"/>
      <line num="30" type="stmt" count="0"/>
      <line num="31" type="stmt" count="0"/>
      <line num="32" type="stmt" count="0"/>
      <line num="33" type="stmt" count="0"/>
      <line num="34" type="stmt" count="0"/>
      <line num="35" type="stmt" count="0"/>
      <line num="36" type="stmt" count="0"/>
      <line num="37" type="stmt" count="0"/>
      <line num="38" type="stmt" count="0"/>
      <line num="39" type="stmt" count="0"/>
      <line num="40" type="stmt" count="0"/>
      <line num="41" type="stmt" count="0"/>
      <line num="42" type="stmt" count="0"/>
      <line num="43" type="stmt" count="0"/>
      <line num="44" type="stmt" count="0"/>
      <line num="45" type="stmt" count="0"/>
      <line num="46" type="stmt" count="0"/>
      <line num="47" type="stmt" count="0"/>
      <line num="48" type="stmt" count="0"/>
      <line num="49" type="stmt" count="0"/>
      <line num="50" type="stmt" count="0"/>
      <line num="51" type="stmt" count="0"/>
      <line num="52" type="stmt" count="0"/>
      <line num="53" type="stmt" count="0"/>
      <line num="54" type="stmt" count="0"/>
      <line num="55" type="stmt" count="0"/>
      <line num="56" type="stmt" count="0"/>
      <line num="57" type="stmt" count="0"/>
      <line num="58" type="stmt" count="0"/>
      <line num="59" type="stmt" count="0"/>
      <line num="60" type="stmt" count="0"/>
      <line num="61" type="stmt" count="0"/>
      <line num="62" type="stmt" count="0"/>
      <line num="63" type="stmt" count="0"/>
      <line num="64" type="stmt" count="0"/>
      <line num="65" type="stmt" count="0"/>
      <line num="66" type="stmt" count="0"/>
      <line num="67" type="stmt" count="0"/>
      <line num="68" type="stmt" count="0"/>
      <line num="69" type="stmt" count="0"/>
      <line num="70" type="stmt" count="0"/>
      <line num="71" type="stmt" count="0"/>
      <line num="72" type="stmt" count="0"/>
      <line num="73" type="stmt" count="0"/>
      <line num="74" type="stmt" count="0"/>
      <line num="75" type="stmt" count="0"/>
      <line num="76" type="stmt" count="0"/>
      <line num="77" type="stmt" count="0"/>
      <line num="78" type="stmt" count="0"/>
      <line num="79" type="stmt" count="0"/>
      <line num="80" type="stmt" count="0"/>
      <line num="81" type="stmt" count="0"/>
      <line num="82" type="stmt" count="0"/>
      <line num="83" type="stmt" count="0"/>
      <line num="84" type="stmt" count="0"/>
      <line num="85" type="stmt" count="0"/>
      <line num="86" type="stmt" count="0"/>
      <line num="87" type="stmt" count="0"/>
      <line num="88" type="stmt" count="0"/>
      <line num="89" type="stmt" count="0"/>
      <line num="90" type="stmt" count="0"/>
      <line num="91" type="stmt" count="0"/>
      <line num="93" type="stmt" count="0"/>
      <line num="94" type="stmt" count="0"/>
      <line num="95" type="stmt" count="0"/>
      <line num="96" type="stmt" count="0"/>
      <line num="97" type="stmt" count="0"/>
      <line num="98" type="stmt" count="0"/>
      <line num="99" type="stmt" count="0"/>
      <line num="100" type="stmt" count="0"/>
      <line num="101" type="stmt" count="0"/>
      <line num="102" type="stmt" count="0"/>
      <line num="103" type="stmt" count="0"/>
      <line num="104" type="stmt" count="0"/>
      <line num="105" type="stmt" count="0"/>
      <line num="106" type="stmt" count="0"/>
      <line num="107" type="stmt" count="0"/>
      <line num="108" type="stmt" count="0"/>
      <line num="109" type="stmt" count="0"/>
      <line num="111" type="stmt" count="0"/>
      <line num="112" type="stmt" count="0"/>
      <line num="113" type="stmt" count="0"/>
      <line num="114" type="stmt" count="0"/>
      <line num="115" type="stmt" count="0"/>
      <line num="116" type="stmt" count="0"/>
      <line num="117" type="stmt" count="0"/>
      <line num="118" type="stmt" count="0"/>
      <line num="119" type="stmt" count="0"/>
      <line num="120" type="stmt" count="0"/>
      <line num="121" type="stmt" count="0"/>
      <line num="122" type="stmt" count="0"/>
      <line num="123" type="stmt" count="0"/>
      <line num="124" type="stmt" count="0"/>
      <line num="125" type="stmt" count="0"/>
      <line num="126" type="stmt" count="0"/>
      <line num="127" type="stmt" count="0"/>
      <line num="128" type="stmt" count="0"/>
      <line num="129" type="stmt" count="0"/>
      <line num="130" type="stmt" count="0"/>
      <line num="131" type="stmt" count="0"/>
      <line num="132" type="stmt" count="0"/>
      <line num="133" type="stmt" count="0"/>
      <line num="135" type="stmt" count="0"/>
      <line num="136" type="stmt" count="0"/>
      <line num="137" type="stmt" count="0"/>
      <line num="138" type="stmt" count="0"/>
      <line num="139" type="stmt" count="0"/>
      <line num="140" type="stmt" count="0"/>
      <line num="141" type="stmt" count="0"/>
      <line num="143" type="stmt" count="0"/>
      <line num="144" type="stmt" count="0"/>
      <line num="145" type="stmt" count="0"/>
      <line num="146" type="stmt" count="0"/>
      <line num="147" type="stmt" count="0"/>
      <line num="148" type="stmt" count="0"/>
      <line num="149" type="stmt" count="0"/>
      <line num="150" type="stmt" count="0"/>
      <line num="151" type="stmt" count="0"/>
      <line num="152" type="stmt" count="0"/>
      <line num="153" type="stmt" count="0"/>
      <line num="154" type="stmt" count="0"/>
      <line num="155" type="stmt" count="0"/>
      <line num="157" type="stmt" count="0"/>
      <line num="158" type="stmt" count="0"/>
      <line num="159" type="stmt" count="0"/>
      <line num="160" type="stmt" count="0"/>
      <line num="161" type="stmt" count="0"/>
      <line num="162" type="stmt" count="0"/>
      <line num="163" type="stmt" count="0"/>
      <line num="164" type="stmt" count="0"/>
      <line num="165" type="stmt" count="0"/>
      <line num="166" type="stmt" count="0"/>
      <line num="167" type="stmt" count="0"/>
      <line num="169" type="stmt" count="0"/>
      <line num="170" type="stmt" count="0"/>
      <line num="171" type="stmt" count="0"/>
      <line num="172" type="stmt" count="0"/>
      <line num="173" type="stmt" count="0"/>
      <line num="174" type="stmt" count="0"/>
      <line num="175" type="stmt" count="0"/>
      <line num="176" type="stmt" count="0"/>
      <line num="177" type="stmt" count="0"/>
      <line num="178" type="stmt" count="0"/>
      <line num="179" type="stmt" count="0"/>
      <line num="180" type="stmt" count="0"/>
      <line num="181" type="stmt" count="0"/>
      <line num="182" type="stmt" count="0"/>
      <line num="183" type="stmt" count="0"/>
      <line num="184" type="stmt" count="0"/>
      <line num="185" type="stmt" count="0"/>
      <line num="186" type="stmt" count="0"/>
      <line num="187" type="stmt" count="0"/>
      <line num="188" type="stmt" count="0"/>
      <line num="189" type="stmt" count="0"/>
      <line num="190" type="stmt" count="0"/>
      <line num="191" type="stmt" count="0"/>
      <line num="193" type="stmt" count="0"/>
      <line num="194" type="stmt" count="0"/>
      <line num="195" type="stmt" count="0"/>
      <line num="196" type="stmt" count="0"/>
      <line num="197" type="stmt" count="0"/>
      <line num="198" type="stmt" count="0"/>
      <line num="199" type="stmt" count="0"/>
      <line num="200" type="stmt" count="0"/>
      <line num="201" type="stmt" count="0"/>
      <line num="202" type="stmt" count="0"/>
      <line num="203" type="stmt" count="0"/>
      <line num="204" type="stmt" count="0"/>
      <line num="205" type="stmt" count="0"/>
      <line num="206" type="stmt" count="0"/>
      <line num="208" type="stmt" count="0"/>
      <line num="210" type="stmt" count="0"/>
      <line num="211" type="stmt" count="0"/>
      <line num="212" type="stmt" count="0"/>
      <metrics loc="212" ncloc="212" classes="0" methods="0" coveredmethods="0" conditionals="0" coveredconditionals="0" statements="202" coveredstatements="0" elements="202" coveredelements="0"/>
    </file>
    <file name="C:\xampp\htdocs\tekumamba\application/views/viewProfil.php">
      <line num="1" type="stmt" count="0"/>
      <line num="2" type="stmt" count="0"/>
      <line num="3" type="stmt" count="0"/>
      <line num="4" type="stmt" count="0"/>
      <line num="5" type="stmt" count="0"/>
      <line num="6" type="stmt" count="0"/>
      <line num="7" type="stmt" count="0"/>
      <line num="8" type="stmt" count="0"/>
      <line num="10" type="stmt" count="0"/>
      <line num="11" type="stmt" count="0"/>
      <line num="12" type="stmt" count="0"/>
      <line num="13" type="stmt" count="0"/>
      <line num="14" type="stmt" count="0"/>
      <line num="15" type="stmt" count="0"/>
      <line num="17" type="stmt" count="0"/>
      <line num="18" type="stmt" count="0"/>
      <line num="19" type="stmt" count="0"/>
      <line num="20" type="stmt" count="0"/>
      <line num="21" type="stmt" count="0"/>
      <line num="22" type="stmt" count="0"/>
      <line num="24" type="stmt" count="0"/>
      <line num="25" type="stmt" count="0"/>
      <line num="27" type="stmt" count="0"/>
      <line num="28" type="stmt" count="0"/>
      <line num="30" type="stmt" count="0"/>
      <line num="33" type="stmt" count="0"/>
      <line num="37" type="stmt" count="0"/>
      <line num="40" type="stmt" count="0"/>
      <line num="41" type="stmt" count="0"/>
      <line num="42" type="stmt" count="0"/>
      <line num="43" type="stmt" count="0"/>
      <line num="44" type="stmt" count="0"/>
      <line num="45" type="stmt" count="0"/>
      <line num="46" type="stmt" count="0"/>
      <line num="48" type="stmt" count="0"/>
      <line num="49" type="stmt" count="0"/>
      <line num="51" type="stmt" count="0"/>
      <line num="52" type="stmt" count="0"/>
      <line num="53" type="stmt" count="0"/>
      <line num="54" type="stmt" count="0"/>
      <line num="55" type="stmt" count="0"/>
      <line num="56" type="stmt" count="0"/>
      <line num="57" type="stmt" count="0"/>
      <line num="59" type="stmt" count="0"/>
      <line num="62" type="stmt" count="0"/>
      <line num="63" type="stmt" count="0"/>
      <line num="65" type="stmt" count="0"/>
      <line num="66" type="stmt" count="0"/>
      <line num="67" type="stmt" count="0"/>
      <line num="68" type="stmt" count="0"/>
      <line num="69" type="stmt" count="0"/>
      <line num="71" type="stmt" count="0"/>
      <line num="72" type="stmt" count="0"/>
      <line num="73" type="stmt" count="0"/>
      <line num="74" type="stmt" count="0"/>
      <line num="75" type="stmt" count="0"/>
      <line num="77" type="stmt" count="0"/>
      <line num="79" type="stmt" count="0"/>
      <line num="80" type="stmt" count="0"/>
      <line num="81" type="stmt" count="0"/>
      <line num="83" type="stmt" count="0"/>
      <line num="84" type="stmt" count="0"/>
      <line num="85" type="stmt" count="0"/>
      <line num="86" type="stmt" count="0"/>
      <line num="87" type="stmt" count="0"/>
      <line num="88" type="stmt" count="0"/>
      <line num="89" type="stmt" count="0"/>
      <line num="90" type="stmt" count="0"/>
      <line num="91" type="stmt" count="0"/>
      <line num="92" type="stmt" count="0"/>
      <line num="96" type="stmt" count="0"/>
      <line num="97" type="stmt" count="0"/>
      <line num="98" type="stmt" count="0"/>
      <line num="99" type="stmt" count="0"/>
      <line num="101" type="stmt" count="0"/>
      <line num="102" type="stmt" count="0"/>
      <line num="103" type="stmt" count="0"/>
      <line num="104" type="stmt" count="0"/>
      <line num="105" type="stmt" count="0"/>
      <line num="106" type="stmt" count="0"/>
      <line num="107" type="stmt" count="0"/>
      <line num="108" type="stmt" count="0"/>
      <line num="109" type="stmt" count="0"/>
      <line num="110" type="stmt" count="0"/>
      <line num="111" type="stmt" count="0"/>
      <line num="112" type="stmt" count="0"/>
      <line num="115" type="stmt" count="0"/>
      <line num="116" type="stmt" count="0"/>
      <line num="117" type="stmt" count="0"/>
      <line num="118" type="stmt" count="0"/>
      <line num="119" type="stmt" count="0"/>
      <line num="120" type="stmt" count="0"/>
      <line num="121" type="stmt" count="0"/>
      <line num="122" type="stmt" count="0"/>
      <line num="123" type="stmt" count="0"/>
      <line num="124" type="stmt" count="0"/>
      <line num="125" type="stmt" count="0"/>
      <line num="128" type="stmt" count="0"/>
      <line num="129" type="stmt" count="0"/>
      <line num="130" type="stmt" count="0"/>
      <line num="132" type="stmt" count="0"/>
      <line num="133" type="stmt" count="0"/>
      <line num="134" type="stmt" count="0"/>
      <line num="136" type="stmt" count="0"/>
      <line num="137" type="stmt" count="0"/>
      <line num="138" type="stmt" count="0"/>
      <line num="139" type="stmt" count="0"/>
      <line num="140" type="stmt" count="0"/>
      <line num="141" type="stmt" count="0"/>
      <line num="142" type="stmt" count="0"/>
      <line num="144" type="stmt" count="0"/>
      <line num="145" type="stmt" count="0"/>
      <line num="147" type="stmt" count="0"/>
      <line num="148" type="stmt" count="0"/>
      <line num="149" type="stmt" count="0"/>
      <line num="151" type="stmt" count="0"/>
      <line num="152" type="stmt" count="0"/>
      <line num="154" type="stmt" count="0"/>
      <line num="155" type="stmt" count="0"/>
      <line num="156" type="stmt" count="0"/>
      <line num="158" type="stmt" count="0"/>
      <line num="159" type="stmt" count="0"/>
      <line num="160" type="stmt" count="0"/>
      <line num="162" type="stmt" count="0"/>
      <line num="163" type="stmt" count="0"/>
      <line num="164" type="stmt" count="0"/>
      <line num="166" type="stmt" count="0"/>
      <line num="167" type="stmt" count="0"/>
      <line num="168" type="stmt" count="0"/>
      <line num="170" type="stmt" count="0"/>
      <line num="171" type="stmt" count="0"/>
      <line num="172" type="stmt" count="0"/>
      <line num="173" type="stmt" count="0"/>
      <line num="174" type="stmt" count="0"/>
      <line num="176" type="stmt" count="0"/>
      <line num="177" type="stmt" count="0"/>
      <line num="179" type="stmt" count="0"/>
      <line num="180" type="stmt" count="0"/>
      <line num="181" type="stmt" count="0"/>
      <line num="185" type="stmt" count="0"/>
      <line num="186" type="stmt" count="0"/>
      <line num="187" type="stmt" count="0"/>
      <line num="188" type="stmt" count="0"/>
      <line num="189" type="stmt" count="0"/>
      <line num="190" type="stmt" count="0"/>
      <line num="191" type="stmt" count="0"/>
      <line num="192" type="stmt" count="0"/>
      <line num="193" type="stmt" count="0"/>
      <line num="194" type="stmt" count="0"/>
      <line num="195" type="stmt" count="0"/>
      <line num="196" type="stmt" count="0"/>
      <line num="197" type="stmt" count="0"/>
      <line num="198" type="stmt" count="0"/>
      <line num="199" type="stmt" count="0"/>
      <line num="200" type="stmt" count="0"/>
      <line num="201" type="stmt" count="0"/>
      <line num="202" type="stmt" count="0"/>
      <line num="203" type="stmt" count="0"/>
      <line num="204" type="stmt" count="0"/>
      <line num="205" type="stmt" count="0"/>
      <line num="206" type="stmt" count="0"/>
      <line num="207" type="stmt" count="0"/>
      <line num="209" type="stmt" count="0"/>
      <line num="211" type="stmt" count="0"/>
      <line num="221" type="stmt" count="0"/>
      <line num="227" type="stmt" count="0"/>
      <line num="228" type="stmt" count="0"/>
      <metrics loc="227" ncloc="227" classes="0" methods="0" coveredmethods="0" conditionals="0" coveredconditionals="0" statements="166" coveredstatements="0" elements="166" coveredelements="0"/>
    </file>
    <file name="C:\xampp\htdocs\tekumamba\application/views/welcome_message.php">
      <line num="1" type="stmt" count="0"/>
      <line num="2" type="stmt" count="0"/>
      <line num="3" type="stmt" count="0"/>
      <line num="4" type="stmt" count="0"/>
      <line num="5" type="stmt" count="0"/>
      <line num="7" type="stmt" count="0"/>
      <line num="9" type="stmt" count="0"/>
      <line num="10" type="stmt" count="0"/>
      <line num="11" type="stmt" count="0"/>
      <line num="13" type="stmt" count="0"/>
      <line num="14" type="stmt" count="0"/>
      <line num="15" type="stmt" count="0"/>
      <line num="16" type="stmt" count="0"/>
      <line num="17" type="stmt" count="0"/>
      <line num="18" type="stmt" count="0"/>
      <line num="20" type="stmt" count="0"/>
      <line num="21" type="stmt" count="0"/>
      <line num="22" type="stmt" count="0"/>
      <line num="23" type="stmt" count="0"/>
      <line num="24" type="stmt" count="0"/>
      <line num="26" type="stmt" count="0"/>
      <line num="27" type="stmt" count="0"/>
      <line num="28" type="stmt" count="0"/>
      <line num="29" type="stmt" count="0"/>
      <line num="30" type="stmt" count="0"/>
      <line num="31" type="stmt" count="0"/>
      <line num="32" type="stmt" count="0"/>
      <line num="33" type="stmt" count="0"/>
      <line num="34" type="stmt" count="0"/>
      <line num="36" type="stmt" count="0"/>
      <line num="37" type="stmt" count="0"/>
      <line num="38" type="stmt" count="0"/>
      <line num="39" type="stmt" count="0"/>
      <line num="40" type="stmt" count="0"/>
      <line num="41" type="stmt" count="0"/>
      <line num="42" type="stmt" count="0"/>
      <line num="43" type="stmt" count="0"/>
      <line num="44" type="stmt" count="0"/>
      <line num="45" type="stmt" count="0"/>
      <line num="47" type="stmt" count="0"/>
      <line num="48" type="stmt" count="0"/>
      <line num="49" type="stmt" count="0"/>
      <line num="51" type="stmt" count="0"/>
      <line num="52" type="stmt" count="0"/>
      <line num="53" type="stmt" count="0"/>
      <line num="54" type="stmt" count="0"/>
      <line num="55" type="stmt" count="0"/>
      <line num="56" type="stmt" count="0"/>
      <line num="57" type="stmt" count="0"/>
      <line num="58" type="stmt" count="0"/>
      <line num="60" type="stmt" count="0"/>
      <line num="61" type="stmt" count="0"/>
      <line num="62" type="stmt" count="0"/>
      <line num="63" type="stmt" count="0"/>
      <line num="64" type="stmt" count="0"/>
      <line num="65" type="stmt" count="0"/>
      <line num="66" type="stmt" count="0"/>
      <line num="67" type="stmt" count="0"/>
      <line num="69" type="stmt" count="0"/>
      <line num="70" type="stmt" count="0"/>
      <line num="72" type="stmt" count="0"/>
      <line num="73" type="stmt" count="0"/>
      <line num="75" type="stmt" count="0"/>
      <line num="76" type="stmt" count="0"/>
      <line num="78" type="stmt" count="0"/>
      <line num="79" type="stmt" count="0"/>
      <line num="81" type="stmt" count="0"/>
      <line num="82" type="stmt" count="0"/>
      <line num="84" type="stmt" count="0"/>
      <line num="85" type="stmt" count="0"/>
      <line num="87" type="stmt" count="0"/>
      <line num="88" type="stmt" count="0"/>
      <metrics loc="87" ncloc="87" classes="0" methods="0" coveredmethods="0" conditionals="0" coveredconditionals="0" statements="71" coveredstatements="0" elements="71" coveredelements="0"/>
    </file>
    <metrics files="21" loc="1765" ncloc="1731" classes="4" methods="22" coveredmethods="0" conditionals="0" coveredconditionals="0" statements="1329" coveredstatements="0" elements="1351" coveredelements="0"/>
  </project>
</coverage>
